000000000000
000000000000
000000000000
000000000000
000000000000
000000000000
000000000000
000000000000
000000000000
000000000000
000000000000
000000000000
000000000001
000000000100
000000010000
000001000000
000000000000
000000000000
000000000000
000000000000
000000000000
000000000000
000000000000
000000000000
000000000000
000000000000
000000000000
000000000000
000000000001
000000000100
000000010000
000001000000
000000000000
000000000000
000000000000
000000000000
000000000000
000000000000
000000000000
000000000000
000000000000
000000000000
000000000000
000000000000
000000000001
000000000100
000000010000
000001000000
000000000000
000000000000
000000000000
000000000000
000000000000
000000000000
000000000000
000000000000
000000000000
000000000000
000000000000
000000000000
000000000001
000000000100
000000010000
000001000000
000010000000
000010000110
000000011000
000000011000
000010100100
000010011000
000010100000
000001000010
000000011001
000001000101
000010100000
000001000000
000000000000
000010010100
000001101000
000001000000
000010011010
000010010101
000010100010
000000000000
000010000000
000000000110
000000000000
000001101000
000010001010
000010000000
000000000000
000010001010
000000001000
000010100110
000010001010
000001000000
